2019-07-24 10:56:14 [INFO ] [restartedMain] c.t.d.d.HisApplication - Starting HisApplication on DESKTOP-G3QOKUO with PID 16400 (started by Unlike Ho in D:\Users\java ho\huayuProject\HIS)
2019-07-24 10:56:14 [INFO ] [restartedMain] c.t.d.d.HisApplication - The following profiles are active: dev
2019-07-24 10:56:14 [INFO ] [restartedMain] o.s.b.d.e.DevToolsPropertyDefaultsPostProcessor - Devtools property defaults active! Set 'spring.devtools.add-properties' to 'false' to disable
2019-07-24 10:56:14 [INFO ] [restartedMain] o.s.b.d.e.DevToolsPropertyDefaultsPostProcessor - For additional web related logging consider setting the 'logging.level.web' property to 'DEBUG'
2019-07-24 10:56:15 [INFO ] [restartedMain] c.t.a.s.p.e.p.ArteryEncryptPropertiesPostProcessor - 开始处理PropertySource
2019-07-24 10:56:16 [INFO ] [restartedMain] c.t.tas.util.log - Logging initialized @7816ms to com.thunisoft.tas.util.log.Slf4jLog
2019-07-24 10:56:16 [INFO ] [restartedMain] o.s.b.w.e.j.TasServletWebServerFactory - Server initialized with port: 8080
2019-07-24 10:56:16 [WARN ] [restartedMain] c.t.t.s.AbstractConnector - Ignoring deprecated socket close linger time
2019-07-24 10:56:16 [INFO ] [restartedMain] c.t.t.c.TasWebServerFactoryCustomizer - 【友情提示】如果发现1099端口冲突，可以设置tas.jmx.enable=false关闭监听或者tas.jmx.port修改jmx端口号
2019-07-24 10:56:16 [INFO ] [restartedMain] c.t.t.server.Server - tas-9.4.z-SNAPSHOT; built: 2018-08-30T13:59:14.071Z; git: 27208684755d94a92186989f695db2d7b21ebc51; jvm 1.8.0_121-b13
2019-07-24 10:56:16 [INFO ] [restartedMain] c.t.t.server.session - DefaultSessionIdManager workerName=node0
2019-07-24 10:56:16 [INFO ] [restartedMain] c.t.t.server.session - No SessionScavenger set, using defaults
2019-07-24 10:56:16 [INFO ] [restartedMain] c.t.t.server.session - node0 Scavenging every 600000ms
2019-07-24 10:56:16 [INFO ] [restartedMain] c.t.t.s.h.C.application - Initializing Spring embedded WebApplicationContext
2019-07-24 10:56:16 [INFO ] [restartedMain] o.s.w.c.ContextLoader - Root WebApplicationContext: initialization completed in 2522 ms
2019-07-24 10:56:16 [INFO ] [restartedMain] c.t.t.s.h.ContextHandler - Started c.t.t.s.TasEmbeddedWebAppContext@13c789ea{application,/,[file:///C:/Users/Unlike%20Ho/AppData/Local/Temp/jetty-docbase.4761387596701451109.8080/, jar:file:/D:/maven/repository/com/thunisoft/artery/artery-component/6.0.45/artery-component-6.0.45.jar!/META-INF/resources],AVAILABLE}
2019-07-24 10:56:18 [INFO ] [restartedMain] c.t.t.j.ConnectorServer - JMX URL: service:jmx:rmi://localhost:1099/jndi/rmi://localhost:1099/jmxrmi
2019-07-24 10:56:18 [INFO ] [restartedMain] c.t.t.server.Server - Started @10649ms
2019-07-24 10:56:18 [INFO ] [restartedMain] c.t.a.d.c.i.DictCache - 【开始加载数据字典缓存...】
2019-07-24 10:56:19 [INFO ] [restartedMain] c.t.a.d.c.i.DictCache - 9
2019-07-24 10:56:19 [INFO ] [restartedMain] c.t.a.d.c.i.DictCache - 〖加载数据字典缓存结束〗
2019-07-24 10:56:19 [INFO ] [restartedMain] c.a.d.s.b.a.DruidDataSourceAutoConfigure - Init DruidDataSource
2019-07-24 10:56:20 [INFO ] [restartedMain] c.t.s.c.c.u.ConfigUtils - 未能加载当前路径下的props配置，采用默认配置
2019-07-24 10:56:20 [INFO ] [restartedMain] c.a.d.p.DruidDataSource - {dataSource-1} inited
2019-07-24 10:56:21 [INFO ] [restartedMain] o.s.s.c.ThreadPoolTaskExecutor - Initializing ExecutorService 'applicationTaskExecutor'
2019-07-24 10:56:22 [INFO ] [restartedMain] o.s.b.a.w.s.WelcomePageHandlerMapping - Adding welcome page template: index
2019-07-24 10:56:22 [INFO ] [restartedMain] o.s.b.d.a.OptionalLiveReloadServer - LiveReload server is running on port 35729
2019-07-24 10:56:22 [INFO ] [restartedMain] c.t.t.s.h.C.application - Initializing Spring DispatcherServlet 'dispatcherServlet'
2019-07-24 10:56:22 [INFO ] [restartedMain] o.s.w.s.DispatcherServlet - Initializing Servlet 'dispatcherServlet'
2019-07-24 10:56:22 [INFO ] [restartedMain] o.s.w.s.DispatcherServlet - Completed initialization in 12 ms
2019-07-24 10:56:22 [INFO ] [restartedMain] c.t.t.s.AbstractConnector - Started ServerConnector@78265d5{HTTP/1.1,[http/1.1]}{0.0.0.0:8080}
2019-07-24 10:56:22 [INFO ] [restartedMain] c.t.t.s.TasWebServer - Tas 启动成功，端口号： 8080 (http/1.1), contextPath: ''
2019-07-24 10:56:22 [INFO ] [restartedMain] c.t.d.d.HisApplication - Started HisApplication in 9.604 seconds (JVM running for 14.386)
